<?xml version="1.0"?>
<!-- Default configuration for Smack test cases. -->
<testcase>

    <!-- Host and port of the XMPP server to use -->
    <host>localhost</host>
    <port>5222</port>

    <!-- Username prefix to use for creating accounts. Same value will be used for passwords. -->
    <username>user</username>

    <!-- Chat and MUC domain names to use -->
    <chat>chat</chat>
    <muc>conference</muc>

</testcase>